<?xml version="1.0" encoding="UTF-8"?>
<testsuite name="pl.liga.business.BracketServiceUnitTests" tests="1" skipped="0" failures="0" errors="0" timestamp="2024-07-29T14:15:31" hostname="DESKTOP-CASNL73" time="0.098">
  <properties/>
  <testcase name="thatMovingWinnerToNextMatchWorksCorrectly()" classname="pl.liga.business.BracketServiceUnitTests" time="0.098"/>
  <system-out><![CDATA[]]></system-out>
  <system-err><![CDATA[]]></system-err>
</testsuite>
