<?xml version="1.0" encoding="UTF-8"?>
<testsuite name="pl.liga.business.AchievementServiceUnitTests" tests="4" skipped="0" failures="0" errors="0" timestamp="2024-07-30T18:10:29" hostname="DESKTOP-CASNL73" time="1.816">
  <properties/>
  <testcase name="thatPrepareOneSeventyAchievementsWorksCorrectly()" classname="pl.liga.business.AchievementServiceUnitTests" time="1.803"/>
  <testcase name="thatPrepareQfAchievementsWorksCorrectly()" classname="pl.liga.business.AchievementServiceUnitTests" time="0.004"/>
  <testcase name="thatPrepareMaxAchievementsWorksCorrectly()" classname="pl.liga.business.AchievementServiceUnitTests" time="0.003"/>
  <testcase name="thatPrepareHfAchievementsWorksCorrectly()" classname="pl.liga.business.AchievementServiceUnitTests" time="0.003"/>
  <system-out><![CDATA[]]></system-out>
  <system-err><![CDATA[]]></system-err>
</testsuite>
